The system is: Windows - 10.0.17025 - AMD64
Compiling the C compiler identification source file "CMakeCCompilerId.c" succeeded.
Compiler: C:/Program Files (x86)/Microsoft Visual Studio/2017/Community/VC/Tools/MSVC/14.12.25827/bin/Hostx86/x86/cl.exe 
Build flags: 
Id flags:  

The output was:
0
用于 x86 的 Microsoft (R) C/C++ 优化编译器 19.12.25831 版
版权所有(C) Microsoft Corporation。保留所有权利。

CMakeCCompilerId.c
Microsoft (R) Incremental Linker Version 14.12.25831.0
Copyright (C) Microsoft Corporation.  All rights reserved.

/out:CMakeCCompilerId.exe 
CMakeCCompilerId.obj 


Compilation of the C compiler identification source "CMakeCCompilerId.c" produced "CMakeCCompilerId.exe"

Compilation of the C compiler identification source "CMakeCCompilerId.c" produced "CMakeCCompilerId.obj"

The C compiler identification is MSVC, found in "E:/Desktop/json_exercise/tutorial01/build/CMakeFiles/3.10.1/CompilerIdC/CMakeCCompilerId.exe"

Determining if the C compiler works passed with the following output:
Change Dir: E:/Desktop/json_exercise/tutorial01/build/CMakeFiles/CMakeTmp

Run Build Command:"nmake" "/NOLOGO" "cmTC_28bf1\fast"
	"C:\Program Files (x86)\Microsoft Visual Studio\2017\Community\VC\Tools\MSVC\14.12.25827\bin\HostX86\x86\nmake.exe" -f CMakeFiles\cmTC_28bf1.dir\build.make /nologo -L                  CMakeFiles\cmTC_28bf1.dir\build
Building C object CMakeFiles/cmTC_28bf1.dir/testCCompiler.c.obj
	C:\PROGRA~2\MICROS~1\2017\COMMUN~1\VC\Tools\MSVC\1412~1.258\bin\Hostx86\x86\cl.exe @C:\Users\诲\AppData\Local\Temp\nmB050.tmp
testCCompiler.c
Linking C executable cmTC_28bf1.exe
	"C:\Program Files\CMake\bin\cmake.exe" -E vs_link_exe --intdir=CMakeFiles\cmTC_28bf1.dir --manifests  -- C:\PROGRA~2\MICROS~1\2017\COMMUN~1\VC\Tools\MSVC\1412~1.258\bin\Hostx86\x86\link.exe /nologo @CMakeFiles\cmTC_28bf1.dir\objects1.rsp @C:\Users\诲\AppData\Local\Temp\nmB0ED.tmp


Detecting C compiler ABI info compiled with the following output:
Change Dir: E:/Desktop/json_exercise/tutorial01/build/CMakeFiles/CMakeTmp

Run Build Command:"nmake" "/NOLOGO" "cmTC_00577\fast"
	"C:\Program Files (x86)\Microsoft Visual Studio\2017\Community\VC\Tools\MSVC\14.12.25827\bin\HostX86\x86\nmake.exe" -f CMakeFiles\cmTC_00577.dir\build.make /nologo -L                  CMakeFiles\cmTC_00577.dir\build
Building C object CMakeFiles/cmTC_00577.dir/CMakeCCompilerABI.c.obj
	C:\PROGRA~2\MICROS~1\2017\COMMUN~1\VC\Tools\MSVC\1412~1.258\bin\Hostx86\x86\cl.exe @C:\Users\诲\AppData\Local\Temp\nmB551.tmp
CMakeCCompilerABI.c
Linking C executable cmTC_00577.exe
	"C:\Program Files\CMake\bin\cmake.exe" -E vs_link_exe --intdir=CMakeFiles\cmTC_00577.dir --manifests  -- C:\PROGRA~2\MICROS~1\2017\COMMUN~1\VC\Tools\MSVC\1412~1.258\bin\Hostx86\x86\link.exe /nologo @CMakeFiles\cmTC_00577.dir\objects1.rsp @C:\Users\诲\AppData\Local\Temp\nmB61D.tmp


